<?xml version="1.0" encoding="utf-8"?><testsuites name="pytest tests"><testsuite name="pytest" errors="1" failures="0" skipped="0" tests="1" time="7.145" timestamp="2026-02-26T23:51:32.122848+01:00" hostname="DESKTOP-QA54JIN"><testcase classname="" name="tests.test_event_bus_buffers" time="0.000"><error message="collection failure">.venv\Lib\site-packages\_pytest\python.py:507: in importtestmodule
    mod = import_path(
.venv\Lib\site-packages\_pytest\pathlib.py:587: in import_path
    importlib.import_module(module_name)
C:\Users\Lance\AppData\Roaming\uv\python\cpython-3.11.14-windows-x86_64-none\Lib\importlib\__init__.py:126: in import_module
    return _bootstrap._gcd_import(name[level:], package, level)
           ^^^^^^^^^^^^^^^^^^^^^^^^^^^^^^^^^^^^^^^^^^^^^^^^^^^^
&lt;frozen importlib._bootstrap&gt;:1204: in _gcd_import
    ???
&lt;frozen importlib._bootstrap&gt;:1176: in _find_and_load
    ???
&lt;frozen importlib._bootstrap&gt;:1147: in _find_and_load_unlocked
    ???
&lt;frozen importlib._bootstrap&gt;:690: in _load_unlocked
    ???
.venv\Lib\site-packages\_pytest\assertion\rewrite.py:188: in exec_module
    source_stat, co = _rewrite_test(fn, self.config)
                      ^^^^^^^^^^^^^^^^^^^^^^^^^^^^^^
.venv\Lib\site-packages\_pytest\assertion\rewrite.py:357: in _rewrite_test
    tree = ast.parse(source, filename=strfn)
           ^^^^^^^^^^^^^^^^^^^^^^^^^^^^^^^^^
C:\Users\Lance\AppData\Roaming\uv\python\cpython-3.11.14-windows-x86_64-none\Lib\ast.py:50: in parse
    return compile(source, filename, mode, flags,
E     File "A:\Thesis-Code\thesis-sally-repo\tests\test_event_bus_buffers.py", line 255
E       pytestmark = pytest.mark.unit
E   IndentationError: unexpected indent</error></testcase></testsuite></testsuites>