<?xml version="1.0" encoding="utf-8"?><testsuites name="pytest tests"><testsuite name="pytest" errors="0" failures="0" skipped="0" tests="23" time="6.022" timestamp="2026-02-26T23:52:03.773605+01:00" hostname="DESKTOP-QA54JIN"><testcase classname="tests.integration.test_hdf5_real_files" name="test_can_load_and_step_real_hdf5[data\\midas\\hdf5\\bhv100res.hdf5]" time="0.008" /><testcase classname="tests.integration.test_hdf5_real_files" name="test_can_load_and_step_real_hdf5[data\\midas\\hdf5\\bhv2.hdf5]" time="0.007" /><testcase classname="tests.integration.test_hdf5_real_files" name="test_can_load_and_step_real_hdf5[data\\midas\\hdf5\\demo.hdf5]" time="3.886" /><testcase classname="tests.integration.test_hdf5_real_files" name="test_can_load_and_step_real_hdf5[data\\midas\\hdf5\\midaslv.hdf5]" time="0.009" /><testcase classname="tests.integration.test_hdf5_real_files" name="test_can_load_and_step_real_hdf5[data\\midas\\hdf5\\midasmv.hdf5]" time="0.009" /><testcase classname="tests.integration.test_hdf5_real_files" name="test_can_load_and_step_real_hdf5[tests\\test_data\\midaslv.hdf5]" time="0.010" /><testcase classname="tests.integration.test_hdf5_real_files" name="test_can_load_and_step_real_hdf5[tests\\test_data\\midasmv.hdf5]" time="0.002" /><testcase classname="tests.midas.test_midas.TestMidasScenarioParser" name="test_parse_string" time="0.002" /><testcase classname="tests.midas.test_midas.TestMidasScenarioParser" name="test_parse_all" time="0.011" /><testcase classname="tests.midas.test_midas.TestMidasScenarioParser" name="test_parse_file" time="0.005" /><testcase classname="tests.midas.test_midas.TestMidasScenarioParser" name="test_simulators_from_modules" time="0.002" /><testcase classname="tests.midas.test_midas.TestMidasScenarioParser" name="test_entities_inferred_from_params" time="0.002" /><testcase classname="tests.midas.test_midas.TestMidasScenarioParser" name="test_inheritance" time="0.002" /><testcase classname="tests.midas.test_midas.TestMidasScenarioParser" name="test_expr_evaluation" time="0.000" /><testcase classname="tests.midas.test_midas.TestMidasScenarioParser" name="test_missing_file_raises" time="0.000" /><testcase classname="tests.midas.test_midas.TestMidasSimulationAdapter" name="test_to_gui_dict" time="0.004" /><testcase classname="tests.midas.test_midas.TestMidasSimulationAdapter" name="test_parse_and_map_roundtrip" time="0.005" /><testcase classname="tests.midas.test_midas.TestMidasSimulationAdapter" name="test_list_available_scenarios" time="0.005" /><testcase classname="tests.midas.test_midas.TestMidasToSallyMapper" name="test_type_mapping" time="0.002" /><testcase classname="tests.midas.test_midas.TestMidasToSallyMapper" name="test_attribute_translation" time="0.000" /><testcase classname="tests.midas.test_midas.TestMidasToSallyMapper" name="test_custom_type_registration" time="0.001" /><testcase classname="tests.midas.test_midas.TestMidasToSallyMapper" name="test_unknown_module_falls_back" time="0.001" /><testcase classname="tests.midas.test_midas.TestMidasToSallyMapper" name="test_metadata_includes_source" time="0.005" /></testsuite></testsuites>