<?xml version="1.0" encoding="utf-8"?><testsuites name="pytest tests"><testsuite name="pytest" errors="0" failures="0" skipped="0" tests="21" time="35.270" timestamp="2026-02-26T23:53:27.653732+01:00" hostname="DESKTOP-QA54JIN"><testcase classname="tests.integration.test_hdf5_real_files" name="test_can_load_and_step_real_hdf5[data\\hdf5\\demo.hdf5]" time="3.149" /><testcase classname="tests.integration.test_hdf5_real_files" name="test_can_load_and_step_real_hdf5[data\\midas\\hdf5\\bhv100res.hdf5]" time="0.003" /><testcase classname="tests.integration.test_hdf5_real_files" name="test_can_load_and_step_real_hdf5[data\\midas\\hdf5\\bhv2.hdf5]" time="0.002" /><testcase classname="tests.integration.test_hdf5_real_files" name="test_can_load_and_step_real_hdf5[data\\midas\\hdf5\\demo.hdf5]" time="3.150" /><testcase classname="tests.integration.test_hdf5_real_files" name="test_can_load_and_step_real_hdf5[data\\midas\\hdf5\\midaslv.hdf5]" time="0.002" /><testcase classname="tests.integration.test_hdf5_real_files" name="test_can_load_and_step_real_hdf5[data\\midas\\hdf5\\midasmv.hdf5]" time="0.002" /><testcase classname="tests.integration.test_hdf5_real_files" name="test_can_load_and_step_real_hdf5[tests\\test_data\\bhv100res.hdf5]" time="0.002" /><testcase classname="tests.integration.test_hdf5_real_files" name="test_can_load_and_step_real_hdf5[tests\\test_data\\bhv2.hdf5]" time="0.002" /><testcase classname="tests.integration.test_hdf5_real_files" name="test_can_load_and_step_real_hdf5[tests\\test_data\\midaslv.hdf5]" time="0.002" /><testcase classname="tests.integration.test_hdf5_real_files" name="test_can_load_and_step_real_hdf5[tests\\test_data\\midasmv.hdf5]" time="0.002" /><testcase classname="tests.integration.test_hdf5_real_files" name="test_can_load_and_step_real_hdf5[tests\\test_data\\mosaik_demo.hdf5]" time="3.159" /><testcase classname="tests.integration.test_hdf5_real_files" name="test_can_load_and_step_real_hdf5[tests\\test_data\\mosaik_demo_bak.hdf5]" time="3.155" /><testcase classname="tests.integration.test_scada_integration" name="test_orchestration_event_handling" time="0.008" /><testcase classname="tests.integration.test_scada_integration" name="test_setpoint_application_flow" time="5.074" /><testcase classname="tests.integration.test_scada_integration" name="test_gui_queue_updates_from_simulation" time="1.026" /><testcase classname="tests.test_hdf5_sim_tests.TestHDF5Modes" name="test_hybrid_hdf5_mode" time="3.393" /><testcase classname="tests.test_hdf5_sim_tests.TestHDF5Modes" name="test_manual_hdf5_mode" time="3.021" /><testcase classname="tests.test_hdf5_sim_tests.TestHDF5Modes" name="test_mosaik_style_entities" time="3.019" /><testcase classname="tests.test_hdf5_sim_tests.TestHDF5Modes" name="test_real_hdf5_mode" time="5.295" /></testsuite></testsuites>