<?xml version="1.0" encoding="utf-8"?><testsuites name="pytest tests"><testsuite name="pytest" errors="0" failures="2" skipped="0" tests="96" time="80.428" timestamp="2026-02-27T00:05:16.859242+01:00" hostname="DESKTOP-QA54JIN"><testcase classname="tests.integration.test_hdf5_real_files" name="test_can_load_and_step_real_hdf5[data\\hdf5\\demo.hdf5]" time="3.149" /><testcase classname="tests.integration.test_hdf5_real_files" name="test_can_load_and_step_real_hdf5[data\\midas\\hdf5\\bhv100res.hdf5]" time="0.003" /><testcase classname="tests.integration.test_hdf5_real_files" name="test_can_load_and_step_real_hdf5[data\\midas\\hdf5\\bhv2.hdf5]" time="0.002" /><testcase classname="tests.integration.test_hdf5_real_files" name="test_can_load_and_step_real_hdf5[data\\midas\\hdf5\\demo.hdf5]" time="3.145" /><testcase classname="tests.integration.test_hdf5_real_files" name="test_can_load_and_step_real_hdf5[data\\midas\\hdf5\\midaslv.hdf5]" time="0.002" /><testcase classname="tests.integration.test_hdf5_real_files" name="test_can_load_and_step_real_hdf5[data\\midas\\hdf5\\midasmv.hdf5]" time="0.002" /><testcase classname="tests.integration.test_hdf5_real_files" name="test_can_load_and_step_real_hdf5[tests\\test_data\\bhv100res.hdf5]" time="0.003" /><testcase classname="tests.integration.test_hdf5_real_files" name="test_can_load_and_step_real_hdf5[tests\\test_data\\bhv2.hdf5]" time="0.002" /><testcase classname="tests.integration.test_hdf5_real_files" name="test_can_load_and_step_real_hdf5[tests\\test_data\\midaslv.hdf5]" time="0.002" /><testcase classname="tests.integration.test_hdf5_real_files" name="test_can_load_and_step_real_hdf5[tests\\test_data\\midasmv.hdf5]" time="0.002" /><testcase classname="tests.integration.test_hdf5_real_files" name="test_can_load_and_step_real_hdf5[tests\\test_data\\mosaik_demo.hdf5]" time="3.147" /><testcase classname="tests.integration.test_hdf5_real_files" name="test_can_load_and_step_real_hdf5[tests\\test_data\\mosaik_demo_bak.hdf5]" time="3.148" /><testcase classname="tests.integration.test_observability_otel_e2e" name="test_otel_export_smoke_subprocess" time="1.196" /><testcase classname="tests.integration.test_scada_integration" name="test_orchestration_event_handling" time="0.009" /><testcase classname="tests.integration.test_scada_integration" name="test_setpoint_application_flow" time="5.080" /><testcase classname="tests.integration.test_scada_integration" name="test_gui_queue_updates_from_simulation" time="1.026" /><testcase classname="tests.midas.test_midas.TestMidasScenarioParser" name="test_parse_string" time="0.002" /><testcase classname="tests.midas.test_midas.TestMidasScenarioParser" name="test_parse_all" time="0.009" /><testcase classname="tests.midas.test_midas.TestMidasScenarioParser" name="test_parse_file" time="0.004" /><testcase classname="tests.midas.test_midas.TestMidasScenarioParser" name="test_simulators_from_modules" time="0.002" /><testcase classname="tests.midas.test_midas.TestMidasScenarioParser" name="test_entities_inferred_from_params" time="0.002" /><testcase classname="tests.midas.test_midas.TestMidasScenarioParser" name="test_inheritance" time="0.002" /><testcase classname="tests.midas.test_midas.TestMidasScenarioParser" name="test_expr_evaluation" time="0.001" /><testcase classname="tests.midas.test_midas.TestMidasScenarioParser" name="test_missing_file_raises" time="0.000" /><testcase classname="tests.midas.test_midas.TestMidasSimulationAdapter" name="test_to_gui_dict" time="0.005" /><testcase classname="tests.midas.test_midas.TestMidasSimulationAdapter" name="test_parse_and_map_roundtrip" time="0.005" /><testcase classname="tests.midas.test_midas.TestMidasSimulationAdapter" name="test_list_available_scenarios" time="0.005" /><testcase classname="tests.midas.test_midas.TestMidasToSallyMapper" name="test_type_mapping" time="0.003" /><testcase classname="tests.midas.test_midas.TestMidasToSallyMapper" name="test_attribute_translation" time="0.001" /><testcase classname="tests.midas.test_midas.TestMidasToSallyMapper" name="test_custom_type_registration" time="0.001" /><testcase classname="tests.midas.test_midas.TestMidasToSallyMapper" name="test_unknown_module_falls_back" time="0.001" /><testcase classname="tests.midas.test_midas.TestMidasToSallyMapper" name="test_metadata_includes_source" time="0.004" /><testcase classname="tests.test_event_bus_benchmark.TestEventBusBenchmark" name="test_batch_pop_performance" time="0.316" /><testcase classname="tests.test_event_bus_benchmark.TestEventBusBenchmark" name="test_metrics_accuracy" time="0.040" /><testcase classname="tests.test_event_bus_benchmark.TestEventBusBenchmark" name="test_processing_throughput_async_handler" time="6.088" /><testcase classname="tests.test_event_bus_benchmark.TestEventBusBenchmark" name="test_processing_throughput_sync_handler" time="13.810"><failure message="AssertionError: 36329.903189813354 not greater than 100000 : Process rate 36,330 eps below 100K threshold">tests\test_event_bus_benchmark.py:160: in test_processing_throughput_sync_handler
    self.assertGreater(process_rate, 100_000,
E   AssertionError: 36329.903189813354 not greater than 100000 : Process rate 36,330 eps below 100K threshold</failure></testcase><testcase classname="tests.test_event_bus_benchmark.TestEventBusBenchmark" name="test_publish_throughput_sync" time="3.166"><failure message="AssertionError: 477451.60777158145 not greater than 1000000 : Publish rate 477,452 eps below 1M threshold">tests\test_event_bus_benchmark.py:107: in test_publish_throughput_sync
    self.assertGreater(rate, 1_000_000,
E   AssertionError: 477451.60777158145 not greater than 1000000 : Publish rate 477,452 eps below 1M threshold</failure></testcase><testcase classname="tests.test_event_bus_benchmark.TestEventBusBenchmark" name="test_ring_buffer_performance" time="1.264" /><testcase classname="tests.test_event_bus_buffer_benchmarks.TestBufferBenchmarks" name="test_batch_pop_all_buffers" time="2.702" /><testcase classname="tests.test_event_bus_buffer_benchmarks.TestBufferBenchmarks" name="test_single_thread_pop_all_buffers" time="2.947" /><testcase classname="tests.test_event_bus_buffer_benchmarks.TestBufferBenchmarks" name="test_single_thread_push_all_buffers" time="2.419" /><testcase classname="tests.test_event_bus_buffer_benchmarks.TestMultiProducerBenchmarks" name="test_multi_producer_mpsc_vs_mpmc" time="0.425" /><testcase classname="tests.test_event_bus_buffer_benchmarks.TestMultiProducerBenchmarks" name="test_multi_producer_scaling" time="1.235" /><testcase classname="tests.test_event_bus_buffer_benchmarks.TestMultiConsumerBenchmarks" name="test_multi_consumer_spmc_vs_mpmc" time="0.567" /><testcase classname="tests.test_event_bus_buffer_benchmarks.TestMPMCBenchmarks" name="test_mpmc_scenario" time="0.895" /><testcase classname="tests.test_event_bus_buffer_benchmarks.TestEventBusBufferSelection" name="test_eventbus_with_different_buffers" time="1.128" /><testcase classname="tests.test_event_bus_buffer_benchmarks.TestBufferOverheadComparison" name="test_lock_overhead_comparison" time="4.751" /><testcase classname="tests.test_event_bus_buffer_benchmarks.TestBenchmarkSummary" name="test_generate_summary" time="1.149" /><testcase classname="tests.test_event_bus_buffers.TestEventBusBuffer" name="test_mpmc_buffer_implements_interface" time="0.001" /><testcase classname="tests.test_event_bus_buffers.TestEventBusBuffer" name="test_mpsc_buffer_implements_interface" time="0.001" /><testcase classname="tests.test_event_bus_buffers.TestEventBusBuffer" name="test_ring_buffer_implements_interface" time="0.001" /><testcase classname="tests.test_event_bus_buffers.TestEventBusBuffer" name="test_spmc_buffer_implements_interface" time="0.001" /><testcase classname="tests.test_event_bus_buffers.TestRingBuffer" name="test_capacity_power_of_two" time="0.001" /><testcase classname="tests.test_event_bus_buffers.TestRingBuffer" name="test_peek_batch_without_removal" time="0.001" /><testcase classname="tests.test_event_bus_buffers.TestRingBuffer" name="test_peek_without_removal" time="0.001" /><testcase classname="tests.test_event_bus_buffers.TestRingBuffer" name="test_pop_batch" time="0.001" /><testcase classname="tests.test_event_bus_buffers.TestRingBuffer" name="test_pop_empty_buffer" time="0.001" /><testcase classname="tests.test_event_bus_buffers.TestRingBuffer" name="test_push_full_buffer" time="0.001" /><testcase classname="tests.test_event_bus_buffers.TestRingBuffer" name="test_push_pop_basic" time="0.001" /><testcase classname="tests.test_event_bus_buffers.TestSPMCBuffer" name="test_basic_operations" time="0.001" /><testcase classname="tests.test_event_bus_buffers.TestSPMCBuffer" name="test_concurrent_consumers" time="0.004" /><testcase classname="tests.test_event_bus_buffers.TestMPSCBuffer" name="test_basic_operations" time="0.001" /><testcase classname="tests.test_event_bus_buffers.TestMPSCBuffer" name="test_concurrent_producers" time="0.002" /><testcase classname="tests.test_event_bus_buffers.TestMPMCBuffer" name="test_basic_operations" time="0.001" /><testcase classname="tests.test_event_bus_buffers.TestMPMCBuffer" name="test_concurrent_producers_and_consumers" time="0.002" /><testcase classname="tests.test_event_bus_buffers.TestBufferSelection" name="test_eventbus_mpmc_scenario" time="0.001" /><testcase classname="tests.test_event_bus_buffers.TestBufferSelection" name="test_eventbus_scenario_detection" time="0.001" /><testcase classname="tests.test_event_bus_buffers.TestBufferSelection" name="test_eventbus_set_producer_count" time="0.001" /><testcase classname="tests.test_event_bus_buffers.TestBufferSelection" name="test_fallback_to_mpmc" time="0.001" /><testcase classname="tests.test_event_bus_buffers.TestBufferSelection" name="test_get_buffer_for_mpmc" time="0.001" /><testcase classname="tests.test_event_bus_buffers.TestBufferSelection" name="test_get_buffer_for_mpsc" time="0.001" /><testcase classname="tests.test_event_bus_buffers.TestBufferSelection" name="test_get_buffer_for_spmc" time="0.001" /><testcase classname="tests.test_event_bus_buffers.TestBufferSelection" name="test_get_buffer_for_spsc" time="0.001" /><testcase classname="tests.test_event_bus_buffers.TestEventTTL" name="test_event_custom_ttl" time="0.000" /><testcase classname="tests.test_event_bus_buffers.TestEventTTL" name="test_event_default_ttl" time="0.001" /><testcase classname="tests.test_event_bus_buffers.TestEventTTL" name="test_event_infinite_ttl" time="0.000" /><testcase classname="tests.test_event_bus_buffers.TestEventTTL" name="test_expired_event_detection" time="0.001" /><testcase classname="tests.test_event_bus_buffers.TestEventTTL" name="test_infinite_ttl_never_expires" time="0.001" /><testcase classname="tests.test_event_bus_buffers.TestEventTTL" name="test_valid_event_not_expired" time="0.001" /><testcase classname="tests.test_event_bus_buffers.TestSubscribeWithoutRemoval" name="test_async_no_removal_handlers" time="0.004" /><testcase classname="tests.test_event_bus_buffers.TestSubscribeWithoutRemoval" name="test_both_handlers_receive_events" time="0.003" /><testcase classname="tests.test_event_bus_buffers.TestSubscribeWithoutRemoval" name="test_no_removal_handler_registration" time="0.001" /><testcase classname="tests.test_event_bus_buffers.TestSubscribeWithoutRemoval" name="test_total_handler_count" time="0.002" /><testcase classname="tests.test_event_bus_buffers.TestSubscribeWithoutRemoval" name="test_unsubscribe_no_removal" time="0.002" /><testcase classname="tests.test_event_bus_buffers.TestEventBusConfiguration" name="test_custom_available_buffers" time="0.003" /><testcase classname="tests.test_event_bus_buffers.TestEventBusConfiguration" name="test_metrics_include_buffer_scenarios" time="0.002" /><testcase classname="tests.test_event_bus_buffers.TestEventBusConfiguration" name="test_metrics_include_no_removal_count" time="0.001" /><testcase classname="tests.test_event_bus_buffers.TestEventBusConfiguration" name="test_metrics_include_producer_consumer_counts" time="0.001" /><testcase classname="tests.test_event_bus_buffers.TestEventBusIntegration" name="test_full_workflow_with_ttl" time="0.505" /><testcase classname="tests.test_event_bus_buffers.TestEventBusIntegration" name="test_multi_handler_scenario" time="0.004" /><testcase classname="tests.test_hdf5_sim_tests.TestHDF5Modes" name="test_hybrid_hdf5_mode" time="3.367" /><testcase classname="tests.test_hdf5_sim_tests.TestHDF5Modes" name="test_manual_hdf5_mode" time="3.022" /><testcase classname="tests.test_hdf5_sim_tests.TestHDF5Modes" name="test_mosaik_style_entities" time="3.020" /><testcase classname="tests.test_hdf5_sim_tests.TestHDF5Modes" name="test_real_hdf5_mode" time="5.313" /></testsuite></testsuites>