<?xml version="1.0" encoding="utf-8"?><testsuites name="pytest tests"><testsuite name="pytest" errors="0" failures="0" skipped="0" tests="21" time="36.495" timestamp="2026-02-27T00:42:23.969081+01:00" hostname="DESKTOP-QA54JIN"><testcase classname="tests.integration.test_hdf5_real_files" name="test_can_load_and_step_real_hdf5[data\\hdf5\\demo.hdf5]" time="3.420" /><testcase classname="tests.integration.test_hdf5_real_files" name="test_can_load_and_step_real_hdf5[data\\midas\\hdf5\\bhv100res.hdf5]" time="0.058" /><testcase classname="tests.integration.test_hdf5_real_files" name="test_can_load_and_step_real_hdf5[data\\midas\\hdf5\\bhv2.hdf5]" time="0.065" /><testcase classname="tests.integration.test_hdf5_real_files" name="test_can_load_and_step_real_hdf5[data\\midas\\hdf5\\demo.hdf5]" time="3.287" /><testcase classname="tests.integration.test_hdf5_real_files" name="test_can_load_and_step_real_hdf5[data\\midas\\hdf5\\midaslv.hdf5]" time="0.065" /><testcase classname="tests.integration.test_hdf5_real_files" name="test_can_load_and_step_real_hdf5[data\\midas\\hdf5\\midasmv.hdf5]" time="0.057" /><testcase classname="tests.integration.test_hdf5_real_files" name="test_can_load_and_step_real_hdf5[tests\\test_data\\bhv100res.hdf5]" time="0.061" /><testcase classname="tests.integration.test_hdf5_real_files" name="test_can_load_and_step_real_hdf5[tests\\test_data\\bhv2.hdf5]" time="0.063" /><testcase classname="tests.integration.test_hdf5_real_files" name="test_can_load_and_step_real_hdf5[tests\\test_data\\midaslv.hdf5]" time="0.064" /><testcase classname="tests.integration.test_hdf5_real_files" name="test_can_load_and_step_real_hdf5[tests\\test_data\\midasmv.hdf5]" time="0.053" /><testcase classname="tests.integration.test_hdf5_real_files" name="test_can_load_and_step_real_hdf5[tests\\test_data\\mosaik_demo.hdf5]" time="3.200" /><testcase classname="tests.integration.test_hdf5_real_files" name="test_can_load_and_step_real_hdf5[tests\\test_data\\mosaik_demo_bak.hdf5]" time="3.202" /><testcase classname="tests.integration.test_scada_integration" name="test_orchestration_event_handling" time="0.074" /><testcase classname="tests.integration.test_scada_integration" name="test_setpoint_application_flow" time="5.127" /><testcase classname="tests.integration.test_scada_integration" name="test_gui_queue_updates_from_simulation" time="1.080" /><testcase classname="tests.test_hdf5_sim_tests.TestHDF5Modes" name="test_hybrid_hdf5_mode" time="3.425" /><testcase classname="tests.test_hdf5_sim_tests.TestHDF5Modes" name="test_manual_hdf5_mode" time="3.073" /><testcase classname="tests.test_hdf5_sim_tests.TestHDF5Modes" name="test_mosaik_style_entities" time="3.074" /><testcase classname="tests.test_hdf5_sim_tests.TestHDF5Modes" name="test_real_hdf5_mode" time="5.463" /></testsuite></testsuites>