<?xml version="1.0" encoding="utf-8"?><testsuites name="pytest tests"><testsuite name="pytest" errors="0" failures="0" skipped="0" tests="42" time="4.953" timestamp="2026-02-27T00:41:35.362348+01:00" hostname="DESKTOP-QA54JIN"><testcase classname="tests.test_event_bus_buffers.TestEventBusBuffer" name="test_mpmc_buffer_implements_interface" time="0.280" /><testcase classname="tests.test_event_bus_buffers.TestEventBusBuffer" name="test_mpsc_buffer_implements_interface" time="0.081" /><testcase classname="tests.test_event_bus_buffers.TestEventBusBuffer" name="test_ring_buffer_implements_interface" time="0.078" /><testcase classname="tests.test_event_bus_buffers.TestEventBusBuffer" name="test_spmc_buffer_implements_interface" time="0.160" /><testcase classname="tests.test_event_bus_buffers.TestRingBuffer" name="test_capacity_power_of_two" time="0.065" /><testcase classname="tests.test_event_bus_buffers.TestRingBuffer" name="test_peek_batch_without_removal" time="0.054" /><testcase classname="tests.test_event_bus_buffers.TestRingBuffer" name="test_peek_without_removal" time="0.047" /><testcase classname="tests.test_event_bus_buffers.TestRingBuffer" name="test_pop_batch" time="0.049" /><testcase classname="tests.test_event_bus_buffers.TestRingBuffer" name="test_pop_empty_buffer" time="0.055" /><testcase classname="tests.test_event_bus_buffers.TestRingBuffer" name="test_push_full_buffer" time="0.048" /><testcase classname="tests.test_event_bus_buffers.TestRingBuffer" name="test_push_pop_basic" time="0.051" /><testcase classname="tests.test_event_bus_buffers.TestSPMCBuffer" name="test_basic_operations" time="0.053" /><testcase classname="tests.test_event_bus_buffers.TestSPMCBuffer" name="test_concurrent_consumers" time="0.058" /><testcase classname="tests.test_event_bus_buffers.TestMPSCBuffer" name="test_basic_operations" time="0.050" /><testcase classname="tests.test_event_bus_buffers.TestMPSCBuffer" name="test_concurrent_producers" time="0.054" /><testcase classname="tests.test_event_bus_buffers.TestMPMCBuffer" name="test_basic_operations" time="0.050" /><testcase classname="tests.test_event_bus_buffers.TestMPMCBuffer" name="test_concurrent_producers_and_consumers" time="0.053" /><testcase classname="tests.test_event_bus_buffers.TestBufferSelection" name="test_eventbus_mpmc_scenario" time="0.056" /><testcase classname="tests.test_event_bus_buffers.TestBufferSelection" name="test_eventbus_scenario_detection" time="0.053" /><testcase classname="tests.test_event_bus_buffers.TestBufferSelection" name="test_eventbus_set_producer_count" time="0.054" /><testcase classname="tests.test_event_bus_buffers.TestBufferSelection" name="test_fallback_to_mpmc" time="0.050" /><testcase classname="tests.test_event_bus_buffers.TestBufferSelection" name="test_get_buffer_for_mpmc" time="0.048" /><testcase classname="tests.test_event_bus_buffers.TestBufferSelection" name="test_get_buffer_for_mpsc" time="0.051" /><testcase classname="tests.test_event_bus_buffers.TestBufferSelection" name="test_get_buffer_for_spmc" time="0.053" /><testcase classname="tests.test_event_bus_buffers.TestBufferSelection" name="test_get_buffer_for_spsc" time="0.054" /><testcase classname="tests.test_event_bus_buffers.TestEventTTL" name="test_event_custom_ttl" time="0.054" /><testcase classname="tests.test_event_bus_buffers.TestEventTTL" name="test_event_default_ttl" time="0.055" /><testcase classname="tests.test_event_bus_buffers.TestEventTTL" name="test_event_infinite_ttl" time="0.053" /><testcase classname="tests.test_event_bus_buffers.TestEventTTL" name="test_expired_event_detection" time="0.155" /><testcase classname="tests.test_event_bus_buffers.TestEventTTL" name="test_infinite_ttl_never_expires" time="0.052" /><testcase classname="tests.test_event_bus_buffers.TestEventTTL" name="test_valid_event_not_expired" time="0.056" /><testcase classname="tests.test_event_bus_buffers.TestSubscribeWithoutRemoval" name="test_async_no_removal_handlers" time="0.064" /><testcase classname="tests.test_event_bus_buffers.TestSubscribeWithoutRemoval" name="test_both_handlers_receive_events" time="0.066" /><testcase classname="tests.test_event_bus_buffers.TestSubscribeWithoutRemoval" name="test_no_removal_handler_registration" time="0.065" /><testcase classname="tests.test_event_bus_buffers.TestSubscribeWithoutRemoval" name="test_total_handler_count" time="0.059" /><testcase classname="tests.test_event_bus_buffers.TestSubscribeWithoutRemoval" name="test_unsubscribe_no_removal" time="0.067" /><testcase classname="tests.test_event_bus_buffers.TestEventBusConfiguration" name="test_custom_available_buffers" time="0.057" /><testcase classname="tests.test_event_bus_buffers.TestEventBusConfiguration" name="test_metrics_include_buffer_scenarios" time="0.057" /><testcase classname="tests.test_event_bus_buffers.TestEventBusConfiguration" name="test_metrics_include_no_removal_count" time="0.053" /><testcase classname="tests.test_event_bus_buffers.TestEventBusConfiguration" name="test_metrics_include_producer_consumer_counts" time="0.050" /><testcase classname="tests.test_event_bus_buffers.TestEventBusIntegration" name="test_full_workflow_with_ttl" time="0.552" /><testcase classname="tests.test_event_bus_buffers.TestEventBusIntegration" name="test_multi_handler_scenario" time="0.052" /></testsuite></testsuites>